<?xml version="1.0" encoding="UTF-8"?>
<testng-results skipped="0" failed="1" ignored="0" total="3" passed="2">
  <reporter-output>
  </reporter-output>
  <suite name="Free CRM suite" duration-ms="34102" started-at="2019-10-31T08:36:22Z" finished-at="2019-10-31T08:36:56Z">
    <groups>
    </groups>
    <test name="Test" duration-ms="34102" started-at="2019-10-31T08:36:22Z" finished-at="2019-10-31T08:36:56Z">
      <class name="com.freecrm.qa.tests.LoginPageTest">
        <test-method status="PASS" signature="setUp()[pri:0, instance:com.freecrm.qa.tests.LoginPageTest@724af044]" name="setUp" is-config="true" duration-ms="7777" started-at="2019-10-31T14:06:22Z" finished-at="2019-10-31T14:06:30Z">
          <reporter-output>
          </reporter-output>
        </test-method> <!-- setUp -->
        <test-method status="PASS" signature="validateLoginPageLogo()[pri:1, instance:com.freecrm.qa.tests.LoginPageTest@724af044]" name="validateLoginPageLogo" duration-ms="231" started-at="2019-10-31T14:06:30Z" finished-at="2019-10-31T14:06:30Z">
          <reporter-output>
          </reporter-output>
        </test-method> <!-- validateLoginPageLogo -->
        <test-method status="PASS" signature="tearDown(org.testng.ITestResult)[pri:0, instance:com.freecrm.qa.tests.LoginPageTest@724af044]" name="tearDown" is-config="true" duration-ms="2546" started-at="2019-10-31T14:06:30Z" finished-at="2019-10-31T14:06:32Z">
          <params>
            <param index="0">
              <value>
                <![CDATA[[TestResult name=validateLoginPageLogo status=SUCCESS method=LoginPageTest.validateLoginPageLogo()[pri:1, instance:com.freecrm.qa.tests.LoginPageTest@724af044] output={null}]]]>
              </value>
            </param>
          </params>
          <reporter-output>
          </reporter-output>
        </test-method> <!-- tearDown -->
        <test-method status="PASS" signature="setUp()[pri:0, instance:com.freecrm.qa.tests.LoginPageTest@724af044]" name="setUp" is-config="true" duration-ms="6475" started-at="2019-10-31T14:06:32Z" finished-at="2019-10-31T14:06:39Z">
          <reporter-output>
          </reporter-output>
        </test-method> <!-- setUp -->
        <test-method status="FAIL" signature="validateLoginPageTitle()[pri:2, instance:com.freecrm.qa.tests.LoginPageTest@724af044]" name="validateLoginPageTitle" duration-ms="32" started-at="2019-10-31T14:06:39Z" finished-at="2019-10-31T14:06:39Z">
          <exception class="java.lang.AssertionError">
            <message>
              <![CDATA[expected [CRMPRO - CRM software for customer relationship management, sales, and suppor] but found [CRMPRO - CRM software for customer relationship management, sales, and support.]]]>
            </message>
            <full-stacktrace>
              <![CDATA[java.lang.AssertionError: expected [CRMPRO - CRM software for customer relationship management, sales, and suppor] but found [CRMPRO - CRM software for customer relationship management, sales, and support.]
	at org.testng.Assert.fail(Assert.java:94)
	at org.testng.Assert.failNotEquals(Assert.java:513)
	at org.testng.Assert.assertEqualsImpl(Assert.java:135)
	at org.testng.Assert.assertEquals(Assert.java:116)
	at org.testng.Assert.assertEquals(Assert.java:190)
	at org.testng.Assert.assertEquals(Assert.java:200)
	at com.freecrm.qa.tests.LoginPageTest.validateLoginPageTitle(LoginPageTest.java:59)
	at sun.reflect.NativeMethodAccessorImpl.invoke0(Native Method)
	at sun.reflect.NativeMethodAccessorImpl.invoke(NativeMethodAccessorImpl.java:62)
	at sun.reflect.DelegatingMethodAccessorImpl.invoke(DelegatingMethodAccessorImpl.java:43)
	at java.lang.reflect.Method.invoke(Method.java:498)
	at org.testng.internal.MethodInvocationHelper.invokeMethod(MethodInvocationHelper.java:104)
	at org.testng.internal.Invoker.invokeMethod(Invoker.java:645)
	at org.testng.internal.Invoker.invokeTestMethod(Invoker.java:851)
	at org.testng.internal.Invoker.invokeTestMethods(Invoker.java:1177)
	at org.testng.internal.TestMethodWorker.invokeTestMethods(TestMethodWorker.java:129)
	at org.testng.internal.TestMethodWorker.run(TestMethodWorker.java:112)
	at org.testng.TestRunner.privateRun(TestRunner.java:756)
	at org.testng.TestRunner.run(TestRunner.java:610)
	at org.testng.SuiteRunner.runTest(SuiteRunner.java:387)
	at org.testng.SuiteRunner.runSequentially(SuiteRunner.java:382)
	at org.testng.SuiteRunner.privateRun(SuiteRunner.java:340)
	at org.testng.SuiteRunner.run(SuiteRunner.java:289)
	at org.testng.SuiteRunnerWorker.runSuite(SuiteRunnerWorker.java:52)
	at org.testng.SuiteRunnerWorker.run(SuiteRunnerWorker.java:86)
	at org.testng.TestNG.runSuitesSequentially(TestNG.java:1293)
	at org.testng.TestNG.runSuitesLocally(TestNG.java:1218)
	at org.testng.TestNG.runSuites(TestNG.java:1133)
	at org.testng.TestNG.run(TestNG.java:1104)
	at org.testng.remote.AbstractRemoteTestNG.run(AbstractRemoteTestNG.java:126)
	at org.testng.remote.RemoteTestNG.initAndRun(RemoteTestNG.java:152)
	at org.testng.remote.RemoteTestNG.main(RemoteTestNG.java:57)
]]>
            </full-stacktrace>
          </exception> <!-- java.lang.AssertionError -->
          <reporter-output>
          </reporter-output>
        </test-method> <!-- validateLoginPageTitle -->
        <test-method status="PASS" signature="tearDown(org.testng.ITestResult)[pri:0, instance:com.freecrm.qa.tests.LoginPageTest@724af044]" name="tearDown" is-config="true" duration-ms="2114" started-at="2019-10-31T14:06:39Z" finished-at="2019-10-31T14:06:41Z">
          <params>
            <param index="0">
              <value>
                <![CDATA[[TestResult name=validateLoginPageTitle status=FAILURE method=LoginPageTest.validateLoginPageTitle()[pri:2, instance:com.freecrm.qa.tests.LoginPageTest@724af044] output={null}]]]>
              </value>
            </param>
          </params>
          <reporter-output>
          </reporter-output>
        </test-method> <!-- tearDown -->
        <test-method status="PASS" signature="setUp()[pri:0, instance:com.freecrm.qa.tests.LoginPageTest@724af044]" name="setUp" is-config="true" duration-ms="6729" started-at="2019-10-31T14:06:41Z" finished-at="2019-10-31T14:06:48Z">
          <reporter-output>
          </reporter-output>
        </test-method> <!-- setUp -->
        <test-method status="PASS" signature="validateLogin()[pri:3, instance:com.freecrm.qa.tests.LoginPageTest@724af044]" name="validateLogin" duration-ms="6946" started-at="2019-10-31T14:06:48Z" finished-at="2019-10-31T14:06:55Z">
          <reporter-output>
          </reporter-output>
        </test-method> <!-- validateLogin -->
        <test-method status="PASS" signature="tearDown(org.testng.ITestResult)[pri:0, instance:com.freecrm.qa.tests.LoginPageTest@724af044]" name="tearDown" is-config="true" duration-ms="1220" started-at="2019-10-31T14:06:55Z" finished-at="2019-10-31T14:06:56Z">
          <params>
            <param index="0">
              <value>
                <![CDATA[[TestResult name=validateLogin status=SUCCESS method=LoginPageTest.validateLogin()[pri:3, instance:com.freecrm.qa.tests.LoginPageTest@724af044] output={null}]]]>
              </value>
            </param>
          </params>
          <reporter-output>
          </reporter-output>
        </test-method> <!-- tearDown -->
      </class> <!-- com.freecrm.qa.tests.LoginPageTest -->
      <class name="com.freecrm.qa.base.TestBase">
        <test-method status="PASS" signature="setUp()[pri:0, instance:com.freecrm.qa.base.TestBase@39aeed2f]" name="setUp" is-config="true" duration-ms="361" started-at="2019-10-31T14:06:21Z" finished-at="2019-10-31T14:06:22Z">
          <reporter-output>
          </reporter-output>
        </test-method> <!-- setUp -->
      </class> <!-- com.freecrm.qa.base.TestBase -->
    </test> <!-- Test -->
  </suite> <!-- Free CRM suite -->
</testng-results>
